2022-12-07 22:50:45,868 [INFO] Activator:177 - 


2022-12-07 22:50:45,870 [INFO] Activator:178 - !SESSION log4j initialized
2022-12-07 22:51:11,055 [INFO] Activator:177 - 


2022-12-07 22:51:11,057 [INFO] Activator:178 - !SESSION log4j initialized
2022-12-07 22:51:44,175 [ERROR] LogOutputStream:74 - [STDERR_REDIRECT] SLF4J: Failed to load class "org.slf4j.impl.StaticLoggerBinder".
2022-12-07 22:51:44,177 [ERROR] LogOutputStream:74 - [STDERR_REDIRECT] SLF4J: Defaulting to no-operation (NOP) logger implementation
2022-12-07 22:51:44,182 [ERROR] LogOutputStream:74 - [STDERR_REDIRECT] SLF4J: See http://www.slf4j.org/codes.html#StaticLoggerBinder for further details.
2022-12-08 09:31:18,912 [INFO] Activator:177 - 


2022-12-08 09:31:18,915 [INFO] Activator:178 - !SESSION log4j initialized
2022-12-08 09:31:54,474 [ERROR] LogOutputStream:74 - [STDERR_REDIRECT] SLF4J: Failed to load class "org.slf4j.impl.StaticLoggerBinder".
2022-12-08 09:31:54,476 [ERROR] LogOutputStream:74 - [STDERR_REDIRECT] SLF4J: Defaulting to no-operation (NOP) logger implementation
2022-12-08 09:31:54,483 [ERROR] LogOutputStream:74 - [STDERR_REDIRECT] SLF4J: See http://www.slf4j.org/codes.html#StaticLoggerBinder for further details.
2022-12-08 15:10:23,342 [INFO] Activator:177 - 


2022-12-08 15:10:23,346 [INFO] Activator:178 - !SESSION log4j initialized
2022-12-08 15:11:02,051 [ERROR] LogOutputStream:74 - [STDERR_REDIRECT] SLF4J: Failed to load class "org.slf4j.impl.StaticLoggerBinder".
2022-12-08 15:11:02,052 [ERROR] LogOutputStream:74 - [STDERR_REDIRECT] SLF4J: Defaulting to no-operation (NOP) logger implementation
2022-12-08 15:11:02,057 [ERROR] LogOutputStream:74 - [STDERR_REDIRECT] SLF4J: See http://www.slf4j.org/codes.html#StaticLoggerBinder for further details.
2022-12-09 10:57:57,640 [INFO] Activator:177 - 


2022-12-09 10:57:57,642 [INFO] Activator:178 - !SESSION log4j initialized
2022-12-09 10:58:33,065 [ERROR] LogOutputStream:74 - [STDERR_REDIRECT] SLF4J: Failed to load class "org.slf4j.impl.StaticLoggerBinder".
2022-12-09 10:58:33,067 [ERROR] LogOutputStream:74 - [STDERR_REDIRECT] SLF4J: Defaulting to no-operation (NOP) logger implementation
2022-12-09 10:58:33,069 [ERROR] LogOutputStream:74 - [STDERR_REDIRECT] SLF4J: See http://www.slf4j.org/codes.html#StaticLoggerBinder for further details.
2022-12-12 09:25:08,052 [INFO] Activator:177 - 


2022-12-12 09:25:08,056 [INFO] Activator:178 - !SESSION log4j initialized
2022-12-12 09:25:48,461 [ERROR] LogOutputStream:74 - [STDERR_REDIRECT] SLF4J: Failed to load class "org.slf4j.impl.StaticLoggerBinder".
2022-12-12 09:25:48,462 [ERROR] LogOutputStream:74 - [STDERR_REDIRECT] SLF4J: Defaulting to no-operation (NOP) logger implementation
2022-12-12 09:25:48,465 [ERROR] LogOutputStream:74 - [STDERR_REDIRECT] SLF4J: See http://www.slf4j.org/codes.html#StaticLoggerBinder for further details.
2022-12-12 10:50:31,727 [INFO] Activator:177 - 


2022-12-12 10:50:31,730 [INFO] Activator:178 - !SESSION log4j initialized
2022-12-12 10:51:04,926 [ERROR] LogOutputStream:74 - [STDERR_REDIRECT] SLF4J: Failed to load class "org.slf4j.impl.StaticLoggerBinder".
2022-12-12 10:51:04,927 [ERROR] LogOutputStream:74 - [STDERR_REDIRECT] SLF4J: Defaulting to no-operation (NOP) logger implementation
2022-12-12 10:51:04,930 [ERROR] LogOutputStream:74 - [STDERR_REDIRECT] SLF4J: See http://www.slf4j.org/codes.html#StaticLoggerBinder for further details.
2022-12-13 09:19:30,101 [INFO] Activator:177 - 


2022-12-13 09:19:30,161 [INFO] Activator:178 - !SESSION log4j initialized
2022-12-13 09:20:07,489 [ERROR] LogOutputStream:74 - [STDERR_REDIRECT] SLF4J: Failed to load class "org.slf4j.impl.StaticLoggerBinder".
2022-12-13 09:20:07,489 [ERROR] LogOutputStream:74 - [STDERR_REDIRECT] SLF4J: Defaulting to no-operation (NOP) logger implementation
2022-12-13 09:20:07,489 [ERROR] LogOutputStream:74 - [STDERR_REDIRECT] SLF4J: See http://www.slf4j.org/codes.html#StaticLoggerBinder for further details.
2022-12-13 19:12:11,251 [INFO] Activator:177 - 


2022-12-13 19:12:11,254 [INFO] Activator:178 - !SESSION log4j initialized
2022-12-13 19:12:48,745 [ERROR] LogOutputStream:74 - [STDERR_REDIRECT] SLF4J: Failed to load class "org.slf4j.impl.StaticLoggerBinder".
2022-12-13 19:12:48,747 [ERROR] LogOutputStream:74 - [STDERR_REDIRECT] SLF4J: Defaulting to no-operation (NOP) logger implementation
2022-12-13 19:12:48,749 [ERROR] LogOutputStream:74 - [STDERR_REDIRECT] SLF4J: See http://www.slf4j.org/codes.html#StaticLoggerBinder for further details.
2022-12-13 20:30:24,533 [INFO] Activator:177 - 


2022-12-13 20:30:24,535 [INFO] Activator:178 - !SESSION log4j initialized
2022-12-13 20:31:01,328 [ERROR] LogOutputStream:74 - [STDERR_REDIRECT] SLF4J: Failed to load class "org.slf4j.impl.StaticLoggerBinder".
2022-12-13 20:31:01,329 [ERROR] LogOutputStream:74 - [STDERR_REDIRECT] SLF4J: Defaulting to no-operation (NOP) logger implementation
2022-12-13 20:31:01,332 [ERROR] LogOutputStream:74 - [STDERR_REDIRECT] SLF4J: See http://www.slf4j.org/codes.html#StaticLoggerBinder for further details.
2022-12-14 13:10:03,696 [INFO] Activator:177 - 


2022-12-14 13:10:03,698 [INFO] Activator:178 - !SESSION log4j initialized
2022-12-14 13:10:39,068 [ERROR] LogOutputStream:74 - [STDERR_REDIRECT] SLF4J: Failed to load class "org.slf4j.impl.StaticLoggerBinder".
2022-12-14 13:10:39,069 [ERROR] LogOutputStream:74 - [STDERR_REDIRECT] SLF4J: Defaulting to no-operation (NOP) logger implementation
2022-12-14 13:10:39,071 [ERROR] LogOutputStream:74 - [STDERR_REDIRECT] SLF4J: See http://www.slf4j.org/codes.html#StaticLoggerBinder for further details.
2022-12-14 19:07:59,293 [INFO] Activator:177 - 


2022-12-14 19:07:59,295 [INFO] Activator:178 - !SESSION log4j initialized
2022-12-14 19:08:44,973 [ERROR] LogOutputStream:74 - [STDERR_REDIRECT] SLF4J: Failed to load class "org.slf4j.impl.StaticLoggerBinder".
2022-12-14 19:08:44,975 [ERROR] LogOutputStream:74 - [STDERR_REDIRECT] SLF4J: Defaulting to no-operation (NOP) logger implementation
2022-12-14 19:08:44,979 [ERROR] LogOutputStream:74 - [STDERR_REDIRECT] SLF4J: See http://www.slf4j.org/codes.html#StaticLoggerBinder for further details.
2022-12-15 07:07:08,969 [INFO] Activator:177 - 


2022-12-15 07:07:08,972 [INFO] Activator:178 - !SESSION log4j initialized
2022-12-15 07:07:40,146 [ERROR] LogOutputStream:74 - [STDERR_REDIRECT] SLF4J: Failed to load class "org.slf4j.impl.StaticLoggerBinder".
2022-12-15 07:07:40,148 [ERROR] LogOutputStream:74 - [STDERR_REDIRECT] SLF4J: Defaulting to no-operation (NOP) logger implementation
2022-12-15 07:07:40,150 [ERROR] LogOutputStream:74 - [STDERR_REDIRECT] SLF4J: See http://www.slf4j.org/codes.html#StaticLoggerBinder for further details.
2022-12-15 08:51:00,238 [INFO] Activator:177 - 


2022-12-15 08:51:00,242 [INFO] Activator:178 - !SESSION log4j initialized
2022-12-15 08:51:34,086 [ERROR] LogOutputStream:74 - [STDERR_REDIRECT] SLF4J: Failed to load class "org.slf4j.impl.StaticLoggerBinder".
2022-12-15 08:51:34,090 [ERROR] LogOutputStream:74 - [STDERR_REDIRECT] SLF4J: Defaulting to no-operation (NOP) logger implementation
2022-12-15 08:51:34,090 [ERROR] LogOutputStream:74 - [STDERR_REDIRECT] SLF4J: See http://www.slf4j.org/codes.html#StaticLoggerBinder for further details.
2022-12-15 09:20:46,550 [INFO] Activator:177 - 


2022-12-15 09:20:46,555 [INFO] Activator:178 - !SESSION log4j initialized
2022-12-15 09:21:30,304 [ERROR] LogOutputStream:74 - [STDERR_REDIRECT] SLF4J: Failed to load class "org.slf4j.impl.StaticLoggerBinder".
2022-12-15 09:21:30,307 [ERROR] LogOutputStream:74 - [STDERR_REDIRECT] SLF4J: Defaulting to no-operation (NOP) logger implementation
2022-12-15 09:21:30,311 [ERROR] LogOutputStream:74 - [STDERR_REDIRECT] SLF4J: See http://www.slf4j.org/codes.html#StaticLoggerBinder for further details.
